<?xml version="1.0" encoding="UTF-8"?>
<!-- Generated by org.testng.reporters.JUnitXMLReporter -->
<testsuite ignored="0" hostname="DESKTOP-D0HB96C" failures="0" tests="5" name="Default test" time="8.547" errors="0" timestamp="2022-04-08T12:51:11 IST">
  <testcase classname="com.learning.api.test.CreateUserApiTest" name="createUserTest1" time="4.728"/>
  <testcase classname="com.learning.api.test.CreateUserApiTest" name="createUserTest1" time="0.58"/>
  <testcase classname="com.learning.api.test.CreateUserApiTest" name="createUserTest1" time="0.522"/>
  <testcase classname="com.learning.api.test.CreateUserApiTest" name="createUserTest1" time="0.553"/>
  <testcase classname="com.learning.api.test.CreateUserApiTest" name="createUserTest1" time="0.521"/>
</testsuite> <!-- Default test -->
