<?xml version="1.0" encoding="UTF-8"?>
<!-- Generated by org.testng.reporters.JUnitXMLReporter -->
<testsuite ignored="0" hostname="DESKTOP-D0HB96C" failures="0" tests="6" name="ApiTestCases" time="9.224" errors="0" timestamp="2022-04-14T15:14:29 IST">
  <testcase classname="com.learning.api.test.CreateUserApiTest" name="createUserTest1" time="4.633"/>
  <testcase classname="com.learning.api.test.CreateUserApiTest" name="createUserTest1" time="0.573"/>
  <testcase classname="com.learning.api.test.CreateUserApiTest" name="createUserTest1" time="0.569"/>
  <testcase classname="com.learning.api.test.CreateUserApiTest" name="createUserTest1" time="0.515"/>
  <testcase classname="com.learning.api.test.CreateUserApiTest" name="createUserTest1" time="0.484"/>
  <testcase classname="com.learning.api.test.GetApiTest" name="getApiTest1" time="0.165"/>
</testsuite> <!-- ApiTestCases -->
