<?xml version="1.0" encoding="UTF-8"?>
<!-- Generated by org.testng.reporters.JUnitXMLReporter -->
<testsuite ignored="0" hostname="DESKTOP-D0HB96C" failures="0" tests="6" name="Surefire test" time="9.19" errors="0" timestamp="2022-04-14T15:41:54 IST">
  <testcase classname="com.learning.api.test.CreateUserApiTest" name="createUserTest1" time="4.903"/>
  <testcase classname="com.learning.api.test.CreateUserApiTest" name="createUserTest1" time="0.579"/>
  <testcase classname="com.learning.api.test.CreateUserApiTest" name="createUserTest1" time="0.521"/>
  <testcase classname="com.learning.api.test.CreateUserApiTest" name="createUserTest1" time="0.535"/>
  <testcase classname="com.learning.api.test.CreateUserApiTest" name="createUserTest1" time="0.512"/>
  <testcase classname="com.learning.api.test.GetApiTest" name="getApiTest1" time="0.198"/>
</testsuite> <!-- Surefire test -->
