<?xml version="1.0" encoding="UTF-8"?>
<testng-results ignored="0" total="6" passed="6" failed="0" skipped="0">
  <reporter-output>
  </reporter-output>
  <suite started-at="2022-04-14T15:41:44 IST" name="Surefire suite" finished-at="2022-04-14T15:41:54 IST" duration-ms="9190">
    <groups>
    </groups>
    <test started-at="2022-04-14T15:41:44 IST" name="Surefire test" finished-at="2022-04-14T15:41:54 IST" duration-ms="9190">
      <class name="com.learning.api.test.CreateUserApiTest">
        <test-method is-config="true" signature="setup()[pri:0, instance:com.learning.api.test.CreateUserApiTest@10d68fcd]" started-at="2022-04-14T15:41:44 IST" name="setup" finished-at="2022-04-14T15:41:44 IST" duration-ms="96" status="PASS">
          <reporter-output>
          </reporter-output>
        </test-method> <!-- setup -->
        <test-method signature="createUserTest1(java.lang.String,java.lang.String)[pri:0, instance:com.learning.api.test.CreateUserApiTest@10d68fcd]" started-at="2022-04-14T15:41:46 IST" name="createUserTest1" data-provider="empDataProvider" finished-at="2022-04-14T15:41:51 IST" duration-ms="4903" status="PASS">
          <params>
            <param index="0">
              <value>
                <![CDATA[naveen10]]>
              </value>
            </param>
            <param index="1">
              <value>
                <![CDATA[QA1]]>
              </value>
            </param>
          </params>
          <reporter-output>
          </reporter-output>
        </test-method> <!-- createUserTest1 -->
        <test-method signature="createUserTest1(java.lang.String,java.lang.String)[pri:0, instance:com.learning.api.test.CreateUserApiTest@10d68fcd]" started-at="2022-04-14T15:41:51 IST" name="createUserTest1" data-provider="empDataProvider" finished-at="2022-04-14T15:41:52 IST" duration-ms="579" status="PASS">
          <params>
            <param index="0">
              <value>
                <![CDATA[naveen11]]>
              </value>
            </param>
            <param index="1">
              <value>
                <![CDATA[QA2]]>
              </value>
            </param>
          </params>
          <reporter-output>
          </reporter-output>
        </test-method> <!-- createUserTest1 -->
        <test-method signature="createUserTest1(java.lang.String,java.lang.String)[pri:0, instance:com.learning.api.test.CreateUserApiTest@10d68fcd]" started-at="2022-04-14T15:41:52 IST" name="createUserTest1" data-provider="empDataProvider" finished-at="2022-04-14T15:41:52 IST" duration-ms="521" status="PASS">
          <params>
            <param index="0">
              <value>
                <![CDATA[naveen12]]>
              </value>
            </param>
            <param index="1">
              <value>
                <![CDATA[QA3]]>
              </value>
            </param>
          </params>
          <reporter-output>
          </reporter-output>
        </test-method> <!-- createUserTest1 -->
        <test-method signature="createUserTest1(java.lang.String,java.lang.String)[pri:0, instance:com.learning.api.test.CreateUserApiTest@10d68fcd]" started-at="2022-04-14T15:41:52 IST" name="createUserTest1" data-provider="empDataProvider" finished-at="2022-04-14T15:41:53 IST" duration-ms="535" status="PASS">
          <params>
            <param index="0">
              <value>
                <![CDATA[naveen13]]>
              </value>
            </param>
            <param index="1">
              <value>
                <![CDATA[QA4]]>
              </value>
            </param>
          </params>
          <reporter-output>
          </reporter-output>
        </test-method> <!-- createUserTest1 -->
        <test-method signature="createUserTest1(java.lang.String,java.lang.String)[pri:0, instance:com.learning.api.test.CreateUserApiTest@10d68fcd]" started-at="2022-04-14T15:41:53 IST" name="createUserTest1" data-provider="empDataProvider" finished-at="2022-04-14T15:41:53 IST" duration-ms="512" status="PASS">
          <params>
            <param index="0">
              <value>
                <![CDATA[naveen14]]>
              </value>
            </param>
            <param index="1">
              <value>
                <![CDATA[QA5]]>
              </value>
            </param>
          </params>
          <reporter-output>
          </reporter-output>
        </test-method> <!-- createUserTest1 -->
      </class> <!-- com.learning.api.test.CreateUserApiTest -->
      <class name="com.learning.api.test.GetApiTest">
        <test-method is-config="true" signature="setup()[pri:0, instance:com.learning.api.test.GetApiTest@117e949d]" started-at="2022-04-14T15:41:53 IST" name="setup" finished-at="2022-04-14T15:41:53 IST" duration-ms="4" status="PASS">
          <reporter-output>
          </reporter-output>
        </test-method> <!-- setup -->
        <test-method signature="getApiTest1()[pri:0, instance:com.learning.api.test.GetApiTest@117e949d]" started-at="2022-04-14T15:41:53 IST" name="getApiTest1" finished-at="2022-04-14T15:41:54 IST" duration-ms="198" status="PASS">
          <reporter-output>
          </reporter-output>
        </test-method> <!-- getApiTest1 -->
      </class> <!-- com.learning.api.test.GetApiTest -->
    </test> <!-- Surefire test -->
  </suite> <!-- Surefire suite -->
</testng-results>
