<?xml version="1.0" encoding="UTF-8"?>
<testng-results ignored="0" total="6" passed="6" failed="0" skipped="0">
  <reporter-output>
  </reporter-output>
  <suite started-at="2022-04-14T15:14:20 IST" name="API Tests" finished-at="2022-04-14T15:14:29 IST" duration-ms="9224">
    <groups>
    </groups>
    <test started-at="2022-04-14T15:14:20 IST" name="ApiTestCases" finished-at="2022-04-14T15:14:29 IST" duration-ms="9224">
      <class name="com.learning.api.test.CreateUserApiTest">
        <test-method is-config="true" signature="setup()[pri:0, instance:com.learning.api.test.CreateUserApiTest@27f981c6]" started-at="2022-04-14T15:14:20 IST" name="setup" finished-at="2022-04-14T15:14:20 IST" duration-ms="52" status="PASS">
          <reporter-output>
          </reporter-output>
        </test-method> <!-- setup -->
        <test-method signature="createUserTest1(java.lang.String,java.lang.String)[pri:0, instance:com.learning.api.test.CreateUserApiTest@27f981c6]" started-at="2022-04-14T15:14:22 IST" name="createUserTest1" data-provider="empDataProvider" finished-at="2022-04-14T15:14:27 IST" duration-ms="4633" status="PASS">
          <params>
            <param index="0">
              <value>
                <![CDATA[naveen10]]>
              </value>
            </param>
            <param index="1">
              <value>
                <![CDATA[QA1]]>
              </value>
            </param>
          </params>
          <reporter-output>
          </reporter-output>
        </test-method> <!-- createUserTest1 -->
        <test-method signature="createUserTest1(java.lang.String,java.lang.String)[pri:0, instance:com.learning.api.test.CreateUserApiTest@27f981c6]" started-at="2022-04-14T15:14:27 IST" name="createUserTest1" data-provider="empDataProvider" finished-at="2022-04-14T15:14:27 IST" duration-ms="573" status="PASS">
          <params>
            <param index="0">
              <value>
                <![CDATA[naveen11]]>
              </value>
            </param>
            <param index="1">
              <value>
                <![CDATA[QA2]]>
              </value>
            </param>
          </params>
          <reporter-output>
          </reporter-output>
        </test-method> <!-- createUserTest1 -->
        <test-method signature="createUserTest1(java.lang.String,java.lang.String)[pri:0, instance:com.learning.api.test.CreateUserApiTest@27f981c6]" started-at="2022-04-14T15:14:27 IST" name="createUserTest1" data-provider="empDataProvider" finished-at="2022-04-14T15:14:28 IST" duration-ms="569" status="PASS">
          <params>
            <param index="0">
              <value>
                <![CDATA[naveen12]]>
              </value>
            </param>
            <param index="1">
              <value>
                <![CDATA[QA3]]>
              </value>
            </param>
          </params>
          <reporter-output>
          </reporter-output>
        </test-method> <!-- createUserTest1 -->
        <test-method signature="createUserTest1(java.lang.String,java.lang.String)[pri:0, instance:com.learning.api.test.CreateUserApiTest@27f981c6]" started-at="2022-04-14T15:14:28 IST" name="createUserTest1" data-provider="empDataProvider" finished-at="2022-04-14T15:14:28 IST" duration-ms="515" status="PASS">
          <params>
            <param index="0">
              <value>
                <![CDATA[naveen13]]>
              </value>
            </param>
            <param index="1">
              <value>
                <![CDATA[QA4]]>
              </value>
            </param>
          </params>
          <reporter-output>
          </reporter-output>
        </test-method> <!-- createUserTest1 -->
        <test-method signature="createUserTest1(java.lang.String,java.lang.String)[pri:0, instance:com.learning.api.test.CreateUserApiTest@27f981c6]" started-at="2022-04-14T15:14:28 IST" name="createUserTest1" data-provider="empDataProvider" finished-at="2022-04-14T15:14:29 IST" duration-ms="484" status="PASS">
          <params>
            <param index="0">
              <value>
                <![CDATA[naveen14]]>
              </value>
            </param>
            <param index="1">
              <value>
                <![CDATA[QA5]]>
              </value>
            </param>
          </params>
          <reporter-output>
          </reporter-output>
        </test-method> <!-- createUserTest1 -->
      </class> <!-- com.learning.api.test.CreateUserApiTest -->
      <class name="com.learning.api.test.GetApiTest">
        <test-method is-config="true" signature="setup()[pri:0, instance:com.learning.api.test.GetApiTest@d9345cd]" started-at="2022-04-14T15:14:29 IST" name="setup" finished-at="2022-04-14T15:14:29 IST" duration-ms="4" status="PASS">
          <reporter-output>
          </reporter-output>
        </test-method> <!-- setup -->
        <test-method signature="getApiTest1()[pri:0, instance:com.learning.api.test.GetApiTest@d9345cd]" started-at="2022-04-14T15:14:29 IST" name="getApiTest1" finished-at="2022-04-14T15:14:29 IST" duration-ms="165" status="PASS">
          <reporter-output>
          </reporter-output>
        </test-method> <!-- getApiTest1 -->
      </class> <!-- com.learning.api.test.GetApiTest -->
    </test> <!-- ApiTestCases -->
  </suite> <!-- API Tests -->
</testng-results>
